[2023-04-23 11:28:11,515 ] 30 root - INFO - Data Ingestion methods Starts
[2023-04-23 11:28:11,578 ] 37 root - INFO - Dataset Read as Pandas Dataframe
[2023-04-23 11:28:11,815 ] 52 root - INFO - Data Ingestion is Completed
[2023-04-23 11:28:11,892 ] 116 root - INFO - Read Train & Test Data Completed
[2023-04-23 11:28:11,908 ] 118 root - INFO - Train Dataframe Head:
   age          job  marital  education default  balance housing loan   contact  day month  duration  campaign  pdays  previous poutcome deposit
0   57   technician  married  secondary      no      950     yes   no  cellular    9   jul      1272         1     -1         0  unknown      no
1   34   technician   single   tertiary      no      925     yes   no  cellular   13   apr       709         1     -1         0  unknown     yes
2   41  blue-collar   single  secondary      no       75     yes   no   unknown    1   jul       479         9     -1         0  unknown     yes
3   46   technician   single   tertiary      no     4414      no   no  cellular   18   aug       504         7     -1         0  unknown     yes
4   28      unknown   single  secondary      no     4465      no   no  cellular   28   jan       769         1     -1         0  unknown     yes
[2023-04-23 11:28:11,924 ] 119 root - INFO - Test Dataframe Head:
   age          job   marital  education default  balance housing loan   contact  day month  duration  campaign  pdays  previous poutcome deposit
0   65      retired  divorced  secondary      no      744      no   no  cellular    5   jul       182         1     -1         0  unknown      no
1   38  blue-collar   married  secondary      no     1627      no   no   unknown   16   jun      1323         9     -1         0  unknown     yes
2   35  blue-collar    single  secondary      no     4963     yes   no  cellular   14   may       456         1    300         1  failure     yes
3   47  blue-collar   married  secondary      no     8229      no   no  cellular    8   aug       784         2     -1         0  unknown     yes
4   35   technician   married   tertiary      no     1473     yes   no   unknown   12   may        84         3     -1         0  unknown      no
[2023-04-23 11:28:11,924 ] 121 root - INFO - Obtaining Processing Object
[2023-04-23 11:28:11,924 ] 37 root - INFO - Data Transformation Initiated
[2023-04-23 11:28:11,924 ] 61 root - INFO - Pipeline Initiated
[2023-04-23 11:28:11,924 ] 157 root - INFO - Exception Occured in the initiate_data_transformation
